<?xml version="1.0" encoding="UTF-8"?>
<!-- Generated by org.testng.reporters.JUnitXMLReporter -->
<testsuite ignored="0" hostname="LAPTOP-FMH6F0D6" failures="0" tests="4" name="Default test" time="3.662" errors="0" timestamp="2022-01-26T16:13:27 IST">
  <testcase classname="com.employeeapi.testCases.TC001_Get_All_Employees" name="checkResponseBody" time="0.035"/>
  <testcase classname="com.employeeapi.testCases.TC001_Get_All_Employees" name="checkResponseTime" time="0.006"/>
  <testcase classname="com.employeeapi.testCases.TC001_Get_All_Employees" name="checkStatusLine" time="0.01"/>
  <testcase classname="com.employeeapi.testCases.TC001_Get_All_Employees" name="getStatusCode" time="0.013"/>
</testsuite> <!-- Default test -->
