<?xml version="1.0" encoding="UTF-8"?>
<!-- Generated by org.testng.reporters.JUnitXMLReporter -->
<testsuite ignored="0" hostname="LAPTOP-FMH6F0D6" failures="0" tests="4" name="Test" time="3.522" errors="0" timestamp="2022-01-26T16:23:25 IST">
  <testcase classname="com.employeeapi.testCases.TC001_Get_All_Employees" name="checkResponseBody" time="0.033"/>
  <testcase classname="com.employeeapi.testCases.TC001_Get_All_Employees" name="checkResponseTime" time="0.007"/>
  <testcase classname="com.employeeapi.testCases.TC001_Get_All_Employees" name="checkStatusLine" time="0.007"/>
  <testcase classname="com.employeeapi.testCases.TC001_Get_All_Employees" name="getStatusCode" time="0.013"/>
</testsuite> <!-- Test -->
