<?xml version="1.0" encoding="UTF-8"?>
<testng-results ignored="0" total="4" passed="4" failed="0" skipped="0">
  <reporter-output>
  </reporter-output>
  <suite started-at="2022-01-26T16:23:21 IST" name="Suite" finished-at="2022-01-26T16:23:25 IST" duration-ms="3522">
    <groups>
    </groups>
    <test started-at="2022-01-26T16:23:21 IST" name="Test" finished-at="2022-01-26T16:23:25 IST" duration-ms="3522">
      <class name="com.employeeapi.testCases.TC001_Get_All_Employees">
        <test-method is-config="true" signature="setup()[pri:0, instance:com.employeeapi.testCases.TC001_Get_All_Employees@76508ed1]" started-at="2022-01-26T16:23:21 IST" name="setup" finished-at="2022-01-26T16:23:22 IST" duration-ms="94" status="PASS">
          <reporter-output>
          </reporter-output>
        </test-method> <!-- setup -->
        <test-method is-config="true" signature="getAllEmployees()[pri:0, instance:com.employeeapi.testCases.TC001_Get_All_Employees@76508ed1]" started-at="2022-01-26T16:23:22 IST" name="getAllEmployees" finished-at="2022-01-26T16:23:25 IST" duration-ms="3299" status="PASS">
          <reporter-output>
          </reporter-output>
        </test-method> <!-- getAllEmployees -->
        <test-method signature="checkResponseBody()[pri:0, instance:com.employeeapi.testCases.TC001_Get_All_Employees@76508ed1]" started-at="2022-01-26T16:23:25 IST" name="checkResponseBody" finished-at="2022-01-26T16:23:25 IST" duration-ms="33" status="PASS">
          <reporter-output>
          </reporter-output>
        </test-method> <!-- checkResponseBody -->
        <test-method signature="checkResponseTime()[pri:0, instance:com.employeeapi.testCases.TC001_Get_All_Employees@76508ed1]" started-at="2022-01-26T16:23:25 IST" name="checkResponseTime" finished-at="2022-01-26T16:23:25 IST" duration-ms="7" status="PASS">
          <reporter-output>
          </reporter-output>
        </test-method> <!-- checkResponseTime -->
        <test-method signature="checkStatusLine()[pri:0, instance:com.employeeapi.testCases.TC001_Get_All_Employees@76508ed1]" started-at="2022-01-26T16:23:25 IST" name="checkStatusLine" finished-at="2022-01-26T16:23:25 IST" duration-ms="7" status="PASS">
          <reporter-output>
          </reporter-output>
        </test-method> <!-- checkStatusLine -->
        <test-method signature="getStatusCode()[pri:0, instance:com.employeeapi.testCases.TC001_Get_All_Employees@76508ed1]" started-at="2022-01-26T16:23:25 IST" name="getStatusCode" finished-at="2022-01-26T16:23:25 IST" duration-ms="13" status="PASS">
          <reporter-output>
          </reporter-output>
        </test-method> <!-- getStatusCode -->
      </class> <!-- com.employeeapi.testCases.TC001_Get_All_Employees -->
    </test> <!-- Test -->
  </suite> <!-- Suite -->
</testng-results>
